<?xml version="1.0" encoding="UTF-8"?>
<testsuite xmlns:xsi="http://www.w3.org/2001/XMLSchema-instance" xsi:noNamespaceSchemaLocation="https://maven.apache.org/surefire/maven-surefire-plugin/xsd/surefire-test-report-3.0.xsd" version="3.0" name="uk.ac.herts.sp23ahy.mod_6com2013.asgnpart2.controller.WorkerTest" time="0.026" tests="2" errors="0" skipped="0" failures="0">
  <properties>
[...]
</properties>
  <testcase name="testCustomerProcessing" classname="uk.ac.herts.sp23ahy.mod_6com2013.asgnpart2.controller.WorkerTest" time="0.018"/>
  <testcase name="testFeeCalculation" classname="uk.ac.herts.sp23ahy.mod_6com2013.asgnpart2.controller.WorkerTest" time="0"/>
</testsuite>